<?xml version="1.0" encoding="utf-8"?>
<coverage line-rate="0.8972" branch-rate="0.8271999999999999" version="1.9" timestamp="1762279970" lines-covered="297" lines-valid="331" branches-covered="91" branches-valid="110">
  <sources>
    <source>C:\Users\Usuario\Desktop\TrabajoTarjeta2025\TarjetaSube\</source>
  </sources>
  <packages>
    <package name="TarjetaSube" line-rate="0.8972" branch-rate="0.8271999999999999" complexity="147">
      <classes>
        <class name="TarjetaSube.Boleto" filename="Boleto.cs" line-rate="1" branch-rate="1" complexity="8">
          <methods>
            <method name="get_TipoTarjeta" signature="()" line-rate="1" branch-rate="1" complexity="1">
              <lines>
                <line number="7" hits="97" branch="False" />
              </lines>
            </method>
            <method name="get_LineaColectivo" signature="()" line-rate="1" branch-rate="1" complexity="1">
              <lines>
                <line number="8" hits="93" branch="False" />
              </lines>
            </method>
            <method name="get_TotalAbonado" signature="()" line-rate="1" branch-rate="1" complexity="1">
              <lines>
                <line number="9" hits="156" branch="False" />
              </lines>
            </method>
            <method name="get_SaldoRestante" signature="()" line-rate="1" branch-rate="1" complexity="1">
              <lines>
                <line number="10" hits="100" branch="False" />
              </lines>
            </method>
            <method name="get_Fecha" signature="()" line-rate="1" branch-rate="1" complexity="1">
              <lines>
                <line number="11" hits="88" branch="False" />
              </lines>
            </method>
            <method name="get_IdTarjeta" signature="()" line-rate="1" branch-rate="1" complexity="1">
              <lines>
                <line number="12" hits="96" branch="False" />
              </lines>
            </method>
            <method name=".ctor" signature="(System.String,System.String,System.Int32,System.Int32,System.Int32)" line-rate="1" branch-rate="1" complexity="1">
              <lines>
                <line number="15" hits="4" branch="False" />
                <line number="16" hits="4" branch="False" />
                <line number="17" hits="4" branch="False" />
              </lines>
            </method>
            <method name=".ctor" signature="(System.String,System.String,System.Int32,System.Int32,System.Int32,TarjetaSube.Tiempo)" line-rate="1" branch-rate="1" complexity="1">
              <lines>
                <line number="19" hits="84" branch="False" />
                <line number="20" hits="84" branch="False" />
                <line number="21" hits="84" branch="False" />
                <line number="22" hits="84" branch="False" />
                <line number="23" hits="84" branch="False" />
                <line number="24" hits="84" branch="False" />
                <line number="25" hits="84" branch="False" />
                <line number="26" hits="84" branch="False" />
                <line number="27" hits="84" branch="False" />
              </lines>
            </method>
          </methods>
          <lines>
            <line number="7" hits="97" branch="False" />
            <line number="8" hits="93" branch="False" />
            <line number="9" hits="156" branch="False" />
            <line number="10" hits="100" branch="False" />
            <line number="11" hits="88" branch="False" />
            <line number="12" hits="96" branch="False" />
            <line number="15" hits="4" branch="False" />
            <line number="16" hits="4" branch="False" />
            <line number="17" hits="4" branch="False" />
            <line number="19" hits="84" branch="False" />
            <line number="20" hits="84" branch="False" />
            <line number="21" hits="84" branch="False" />
            <line number="22" hits="84" branch="False" />
            <line number="23" hits="84" branch="False" />
            <line number="24" hits="84" branch="False" />
            <line number="25" hits="84" branch="False" />
            <line number="26" hits="84" branch="False" />
            <line number="27" hits="84" branch="False" />
          </lines>
        </class>
        <class name="TarjetaSube.Colectivo" filename="Colectivo.cs" line-rate="0.9621999999999999" branch-rate="0.9285" complexity="19">
          <methods>
            <method name="get_Linea" signature="()" line-rate="1" branch-rate="1" complexity="1">
              <lines>
                <line number="9" hits="126" branch="False" />
              </lines>
            </method>
            <method name="PagarCon" signature="(TarjetaSube.Tarjeta)" line-rate="0.9459000000000001" branch-rate="0.9285" complexity="14">
              <lines>
                <line number="33" hits="86" branch="False" />
                <line number="34" hits="86" branch="True" condition-coverage="50% (1/2)">
                  <conditions>
                    <condition number="9" type="jump" coverage="50%" />
                  </conditions>
                </line>
                <line number="35" hits="0" branch="False" />
                <line number="36" hits="0" branch="False" />
                <line number="39" hits="86" branch="True" condition-coverage="100% (2/2)">
                  <conditions>
                    <condition number="42" type="jump" coverage="100%" />
                  </conditions>
                </line>
                <line number="40" hits="3" branch="False" />
                <line number="41" hits="3" branch="False" />
                <line number="44" hits="83" branch="True" condition-coverage="100% (2/2)">
                  <conditions>
                    <condition number="59" type="jump" coverage="100%" />
                  </conditions>
                </line>
                <line number="46" hits="83" branch="False" />
                <line number="48" hits="83" branch="False" />
                <line number="50" hits="83" branch="True" condition-coverage="100% (2/2)">
                  <conditions>
                    <condition number="100" type="jump" coverage="100%" />
                  </conditions>
                </line>
                <line number="51" hits="14" branch="False" />
                <line number="52" hits="14" branch="False" />
                <line number="53" hits="14" branch="False" />
                <line number="54" hits="14" branch="False" />
                <line number="55" hits="69" branch="True" condition-coverage="100% (2/2)">
                  <conditions>
                    <condition number="141" type="jump" coverage="100%" />
                  </conditions>
                </line>
                <line number="56" hits="20" branch="False" />
                <line number="57" hits="20" branch="False" />
                <line number="58" hits="20" branch="False" />
                <line number="59" hits="20" branch="False" />
                <line number="60" hits="49" branch="True" condition-coverage="100% (2/2)">
                  <conditions>
                    <condition number="188" type="jump" coverage="100%" />
                  </conditions>
                </line>
                <line number="61" hits="34" branch="False" />
                <line number="62" hits="34" branch="False" />
                <line number="63" hits="34" branch="False" />
                <line number="64" hits="34" branch="False" />
                <line number="66" hits="15" branch="False" />
                <line number="67" hits="15" branch="False" />
                <line number="68" hits="15" branch="False" />
                <line number="69" hits="15" branch="False" />
                <line number="71" hits="83" branch="True" condition-coverage="100% (2/2)">
                  <conditions>
                    <condition number="250" type="jump" coverage="100%" />
                  </conditions>
                </line>
                <line number="72" hits="3" branch="False" />
                <line number="73" hits="3" branch="False" />
                <line number="76" hits="80" branch="False" />
                <line number="78" hits="80" branch="False" />
                <line number="80" hits="80" branch="False" />
                <line number="82" hits="80" branch="False" />
                <line number="83" hits="86" branch="False" />
              </lines>
            </method>
            <method name=".ctor" signature="(System.String)" line-rate="1" branch-rate="1" complexity="1">
              <lines>
                <line number="13" hits="11" branch="False" />
                <line number="14" hits="11" branch="False" />
                <line number="15" hits="11" branch="False" />
              </lines>
            </method>
            <method name=".ctor" signature="(System.String,TarjetaSube.Tiempo)" line-rate="1" branch-rate="1" complexity="1">
              <lines>
                <line number="17" hits="30" branch="False" />
                <line number="18" hits="30" branch="False" />
                <line number="19" hits="30" branch="False" />
              </lines>
            </method>
            <method name=".ctor" signature="(System.String,System.Boolean)" line-rate="1" branch-rate="1" complexity="1">
              <lines>
                <line number="21" hits="1" branch="False" />
                <line number="22" hits="1" branch="False" />
                <line number="23" hits="1" branch="False" />
              </lines>
            </method>
            <method name=".ctor" signature="(System.String,System.Boolean,TarjetaSube.Tiempo)" line-rate="1" branch-rate="1" complexity="1">
              <lines>
                <line number="25" hits="45" branch="False" />
                <line number="26" hits="45" branch="False" />
                <line number="27" hits="45" branch="False" />
                <line number="28" hits="45" branch="False" />
                <line number="29" hits="45" branch="False" />
                <line number="30" hits="45" branch="False" />
              </lines>
            </method>
          </methods>
          <lines>
            <line number="9" hits="126" branch="False" />
            <line number="33" hits="86" branch="False" />
            <line number="34" hits="86" branch="True" condition-coverage="50% (1/2)">
              <conditions>
                <condition number="9" type="jump" coverage="50%" />
              </conditions>
            </line>
            <line number="35" hits="0" branch="False" />
            <line number="36" hits="0" branch="False" />
            <line number="39" hits="86" branch="True" condition-coverage="100% (2/2)">
              <conditions>
                <condition number="42" type="jump" coverage="100%" />
              </conditions>
            </line>
            <line number="40" hits="3" branch="False" />
            <line number="41" hits="3" branch="False" />
            <line number="44" hits="83" branch="True" condition-coverage="100% (2/2)">
              <conditions>
                <condition number="59" type="jump" coverage="100%" />
              </conditions>
            </line>
            <line number="46" hits="83" branch="False" />
            <line number="48" hits="83" branch="False" />
            <line number="50" hits="83" branch="True" condition-coverage="100% (2/2)">
              <conditions>
                <condition number="100" type="jump" coverage="100%" />
              </conditions>
            </line>
            <line number="51" hits="14" branch="False" />
            <line number="52" hits="14" branch="False" />
            <line number="53" hits="14" branch="False" />
            <line number="54" hits="14" branch="False" />
            <line number="55" hits="69" branch="True" condition-coverage="100% (2/2)">
              <conditions>
                <condition number="141" type="jump" coverage="100%" />
              </conditions>
            </line>
            <line number="56" hits="20" branch="False" />
            <line number="57" hits="20" branch="False" />
            <line number="58" hits="20" branch="False" />
            <line number="59" hits="20" branch="False" />
            <line number="60" hits="49" branch="True" condition-coverage="100% (2/2)">
              <conditions>
                <condition number="188" type="jump" coverage="100%" />
              </conditions>
            </line>
            <line number="61" hits="34" branch="False" />
            <line number="62" hits="34" branch="False" />
            <line number="63" hits="34" branch="False" />
            <line number="64" hits="34" branch="False" />
            <line number="66" hits="15" branch="False" />
            <line number="67" hits="15" branch="False" />
            <line number="68" hits="15" branch="False" />
            <line number="69" hits="15" branch="False" />
            <line number="71" hits="83" branch="True" condition-coverage="100% (2/2)">
              <conditions>
                <condition number="250" type="jump" coverage="100%" />
              </conditions>
            </line>
            <line number="72" hits="3" branch="False" />
            <line number="73" hits="3" branch="False" />
            <line number="76" hits="80" branch="False" />
            <line number="78" hits="80" branch="False" />
            <line number="80" hits="80" branch="False" />
            <line number="82" hits="80" branch="False" />
            <line number="83" hits="86" branch="False" />
            <line number="13" hits="11" branch="False" />
            <line number="14" hits="11" branch="False" />
            <line number="15" hits="11" branch="False" />
            <line number="17" hits="30" branch="False" />
            <line number="18" hits="30" branch="False" />
            <line number="19" hits="30" branch="False" />
            <line number="21" hits="1" branch="False" />
            <line number="22" hits="1" branch="False" />
            <line number="23" hits="1" branch="False" />
            <line number="25" hits="45" branch="False" />
            <line number="26" hits="45" branch="False" />
            <line number="27" hits="45" branch="False" />
            <line number="28" hits="45" branch="False" />
            <line number="29" hits="45" branch="False" />
            <line number="30" hits="45" branch="False" />
          </lines>
        </class>
        <class name="TarjetaSube.Program" filename="Program.cs" line-rate="0" branch-rate="1" complexity="1">
          <methods>
            <method name="Main" signature="()" line-rate="0" branch-rate="1" complexity="1">
              <lines>
                <line number="9" hits="0" branch="False" />
                <line number="11" hits="0" branch="False" />
              </lines>
            </method>
          </methods>
          <lines>
            <line number="9" hits="0" branch="False" />
            <line number="11" hits="0" branch="False" />
          </lines>
        </class>
        <class name="TarjetaSube.Tarjeta" filename="Tarjeta.cs" line-rate="0.9887999999999999" branch-rate="1" complexity="34">
          <methods>
            <method name="get_Id" signature="()" line-rate="1" branch-rate="1" complexity="1">
              <lines>
                <line number="8" hits="188" branch="False" />
              </lines>
            </method>
            <method name="get_Saldo" signature="()" line-rate="0" branch-rate="1" complexity="1">
              <lines>
                <line number="20" hits="0" branch="False" />
              </lines>
            </method>
            <method name="get_SaldoPendiente" signature="()" line-rate="1" branch-rate="1" complexity="1">
              <lines>
                <line number="21" hits="5" branch="False" />
              </lines>
            </method>
            <method name="ObtenerSaldo" signature="()" line-rate="1" branch-rate="1" complexity="1">
              <lines>
                <line number="34" hits="225" branch="False" />
                <line number="35" hits="225" branch="False" />
                <line number="36" hits="225" branch="False" />
              </lines>
            </method>
            <method name="Cargar" signature="(System.Int32)" line-rate="1" branch-rate="1" complexity="8">
              <lines>
                <line number="39" hits="66" branch="False" />
                <line number="40" hits="66" branch="False" />
                <line number="41" hits="958" branch="True" condition-coverage="100% (2/2)">
                  <conditions>
                    <condition number="46" type="jump" coverage="100%" />
                  </conditions>
                </line>
                <line number="42" hits="412" branch="False" />
                <line number="43" hits="412" branch="True" condition-coverage="100% (2/2)">
                  <conditions>
                    <condition number="30" type="jump" coverage="100%" />
                  </conditions>
                </line>
                <line number="44" hits="64" branch="False" />
                <line number="45" hits="64" branch="False" />
                <line number="46" hits="64" branch="False" />
                <line number="48" hits="348" branch="False" />
                <line number="50" hits="68" branch="True" condition-coverage="100% (2/2)">
                  <conditions>
                    <condition number="56" type="jump" coverage="100%" />
                  </conditions>
                </line>
                <line number="52" hits="64" branch="False" />
                <line number="54" hits="64" branch="True" condition-coverage="100% (2/2)">
                  <conditions>
                    <condition number="84" type="jump" coverage="100%" />
                  </conditions>
                </line>
                <line number="55" hits="11" branch="False" />
                <line number="56" hits="11" branch="False" />
                <line number="57" hits="11" branch="False" />
                <line number="58" hits="11" branch="False" />
                <line number="60" hits="53" branch="False" />
                <line number="61" hits="53" branch="False" />
                <line number="62" hits="53" branch="False" />
                <line number="64" hits="64" branch="False" />
                <line number="65" hits="66" branch="False" />
              </lines>
            </method>
            <method name="AcreditarCarga" signature="()" line-rate="1" branch-rate="1" complexity="4">
              <lines>
                <line number="68" hits="63" branch="False" />
                <line number="69" hits="63" branch="True" condition-coverage="100% (4/4)">
                  <conditions>
                    <condition number="8" type="jump" coverage="100%" />
                    <condition number="28" type="jump" coverage="100%" />
                  </conditions>
                </line>
                <line number="70" hits="11" branch="False" />
                <line number="71" hits="11" branch="False" />
                <line number="72" hits="11" branch="False" />
                <line number="74" hits="11" branch="False" />
                <line number="75" hits="11" branch="False" />
                <line number="76" hits="11" branch="False" />
                <line number="77" hits="63" branch="False" />
              </lines>
            </method>
            <method name="Descontar" signature="(System.Int32)" line-rate="1" branch-rate="1" complexity="2">
              <lines>
                <line number="80" hits="35" branch="False" />
                <line number="81" hits="35" branch="True" condition-coverage="100% (2/2)">
                  <conditions>
                    <condition number="18" type="jump" coverage="100%" />
                  </conditions>
                </line>
                <line number="82" hits="2" branch="False" />
                <line number="83" hits="2" branch="False" />
                <line number="86" hits="33" branch="False" />
                <line number="87" hits="33" branch="False" />
                <line number="88" hits="33" branch="False" />
                <line number="89" hits="35" branch="False" />
              </lines>
            </method>
            <method name="ObtenerDescuento" signature="(TarjetaSube.Tiempo)" line-rate="1" branch-rate="1" complexity="10">
              <lines>
                <line number="92" hits="15" branch="False" />
                <line number="93" hits="15" branch="False" />
                <line number="95" hits="15" branch="True" condition-coverage="100% (2/2)">
                  <conditions>
                    <condition number="28" type="jump" coverage="100%" />
                  </conditions>
                </line>
                <line number="96" hits="10" branch="False" />
                <line number="97" hits="10" branch="False" />
                <line number="98" hits="10" branch="False" />
                <line number="99" hits="10" branch="False" />
                <line number="101" hits="15" branch="False" />
                <line number="103" hits="15" branch="True" condition-coverage="100% (4/4)">
                  <conditions>
                    <condition number="64" type="jump" coverage="100%" />
                    <condition number="79" type="jump" coverage="100%" />
                  </conditions>
                </line>
                <line number="104" hits="1" branch="False" />
                <line number="105" hits="14" branch="True" condition-coverage="100% (4/4)">
                  <conditions>
                    <condition number="97" type="jump" coverage="100%" />
                    <condition number="114" type="jump" coverage="100%" />
                  </conditions>
                </line>
                <line number="106" hits="1" branch="False" />
                <line number="108" hits="13" branch="False" />
                <line number="109" hits="15" branch="False" />
              </lines>
            </method>
            <method name="CalcularTarifaConDescuento" signature="(System.Int32,TarjetaSube.Tiempo)" line-rate="1" branch-rate="1" complexity="1">
              <lines>
                <line number="112" hits="15" branch="False" />
                <line number="113" hits="15" branch="False" />
                <line number="114" hits="15" branch="False" />
                <line number="115" hits="15" branch="False" />
                <line number="116" hits="15" branch="False" />
              </lines>
            </method>
            <method name="ObtenerCantidadViajesMes" signature="()" line-rate="1" branch-rate="1" complexity="1">
              <lines>
                <line number="119" hits="1" branch="False" />
                <line number="120" hits="1" branch="False" />
                <line number="121" hits="1" branch="False" />
              </lines>
            </method>
            <method name="PuedeViajar" signature="(TarjetaSube.Tiempo)" line-rate="1" branch-rate="1" complexity="1">
              <lines>
                <line number="124" hits="15" branch="False" />
                <line number="125" hits="15" branch="False" />
                <line number="126" hits="15" branch="False" />
              </lines>
            </method>
            <method name="RegistrarViaje" signature="(TarjetaSube.Tiempo)" line-rate="1" branch-rate="1" complexity="2">
              <lines>
                <line number="129" hits="309" branch="False" />
                <line number="130" hits="309" branch="False" />
                <line number="132" hits="309" branch="True" condition-coverage="100% (2/2)">
                  <conditions>
                    <condition number="28" type="jump" coverage="100%" />
                  </conditions>
                </line>
                <line number="133" hits="28" branch="False" />
                <line number="134" hits="28" branch="False" />
                <line number="135" hits="28" branch="False" />
                <line number="136" hits="28" branch="False" />
                <line number="138" hits="309" branch="False" />
                <line number="139" hits="309" branch="False" />
              </lines>
            </method>
            <method name=".ctor" signature="()" line-rate="1" branch-rate="1" complexity="1">
              <lines>
                <line number="12" hits="83" branch="False" />
                <line number="17" hits="83" branch="False" />
                <line number="18" hits="83" branch="False" />
                <line number="23" hits="83" branch="False" />
                <line number="24" hits="83" branch="False" />
                <line number="25" hits="83" branch="False" />
                <line number="26" hits="83" branch="False" />
                <line number="27" hits="83" branch="False" />
                <line number="28" hits="83" branch="False" />
                <line number="29" hits="83" branch="False" />
                <line number="30" hits="83" branch="False" />
                <line number="31" hits="83" branch="False" />
              </lines>
            </method>
          </methods>
          <lines>
            <line number="8" hits="188" branch="False" />
            <line number="20" hits="0" branch="False" />
            <line number="21" hits="5" branch="False" />
            <line number="34" hits="225" branch="False" />
            <line number="35" hits="225" branch="False" />
            <line number="36" hits="225" branch="False" />
            <line number="39" hits="66" branch="False" />
            <line number="40" hits="66" branch="False" />
            <line number="41" hits="958" branch="True" condition-coverage="100% (2/2)">
              <conditions>
                <condition number="46" type="jump" coverage="100%" />
              </conditions>
            </line>
            <line number="42" hits="412" branch="False" />
            <line number="43" hits="412" branch="True" condition-coverage="100% (2/2)">
              <conditions>
                <condition number="30" type="jump" coverage="100%" />
              </conditions>
            </line>
            <line number="44" hits="64" branch="False" />
            <line number="45" hits="64" branch="False" />
            <line number="46" hits="64" branch="False" />
            <line number="48" hits="348" branch="False" />
            <line number="50" hits="68" branch="True" condition-coverage="100% (2/2)">
              <conditions>
                <condition number="56" type="jump" coverage="100%" />
              </conditions>
            </line>
            <line number="52" hits="64" branch="False" />
            <line number="54" hits="64" branch="True" condition-coverage="100% (2/2)">
              <conditions>
                <condition number="84" type="jump" coverage="100%" />
              </conditions>
            </line>
            <line number="55" hits="11" branch="False" />
            <line number="56" hits="11" branch="False" />
            <line number="57" hits="11" branch="False" />
            <line number="58" hits="11" branch="False" />
            <line number="60" hits="53" branch="False" />
            <line number="61" hits="53" branch="False" />
            <line number="62" hits="53" branch="False" />
            <line number="64" hits="64" branch="False" />
            <line number="65" hits="66" branch="False" />
            <line number="68" hits="63" branch="False" />
            <line number="69" hits="63" branch="True" condition-coverage="100% (4/4)">
              <conditions>
                <condition number="8" type="jump" coverage="100%" />
                <condition number="28" type="jump" coverage="100%" />
              </conditions>
            </line>
            <line number="70" hits="11" branch="False" />
            <line number="71" hits="11" branch="False" />
            <line number="72" hits="11" branch="False" />
            <line number="74" hits="11" branch="False" />
            <line number="75" hits="11" branch="False" />
            <line number="76" hits="11" branch="False" />
            <line number="77" hits="63" branch="False" />
            <line number="80" hits="35" branch="False" />
            <line number="81" hits="35" branch="True" condition-coverage="100% (2/2)">
              <conditions>
                <condition number="18" type="jump" coverage="100%" />
              </conditions>
            </line>
            <line number="82" hits="2" branch="False" />
            <line number="83" hits="2" branch="False" />
            <line number="86" hits="33" branch="False" />
            <line number="87" hits="33" branch="False" />
            <line number="88" hits="33" branch="False" />
            <line number="89" hits="35" branch="False" />
            <line number="92" hits="15" branch="False" />
            <line number="93" hits="15" branch="False" />
            <line number="95" hits="15" branch="True" condition-coverage="100% (2/2)">
              <conditions>
                <condition number="28" type="jump" coverage="100%" />
              </conditions>
            </line>
            <line number="96" hits="10" branch="False" />
            <line number="97" hits="10" branch="False" />
            <line number="98" hits="10" branch="False" />
            <line number="99" hits="10" branch="False" />
            <line number="101" hits="15" branch="False" />
            <line number="103" hits="15" branch="True" condition-coverage="100% (4/4)">
              <conditions>
                <condition number="64" type="jump" coverage="100%" />
                <condition number="79" type="jump" coverage="100%" />
              </conditions>
            </line>
            <line number="104" hits="1" branch="False" />
            <line number="105" hits="14" branch="True" condition-coverage="100% (4/4)">
              <conditions>
                <condition number="97" type="jump" coverage="100%" />
                <condition number="114" type="jump" coverage="100%" />
              </conditions>
            </line>
            <line number="106" hits="1" branch="False" />
            <line number="108" hits="13" branch="False" />
            <line number="109" hits="15" branch="False" />
            <line number="112" hits="15" branch="False" />
            <line number="113" hits="15" branch="False" />
            <line number="114" hits="15" branch="False" />
            <line number="115" hits="15" branch="False" />
            <line number="116" hits="15" branch="False" />
            <line number="119" hits="1" branch="False" />
            <line number="120" hits="1" branch="False" />
            <line number="121" hits="1" branch="False" />
            <line number="124" hits="15" branch="False" />
            <line number="125" hits="15" branch="False" />
            <line number="126" hits="15" branch="False" />
            <line number="129" hits="309" branch="False" />
            <line number="130" hits="309" branch="False" />
            <line number="132" hits="309" branch="True" condition-coverage="100% (2/2)">
              <conditions>
                <condition number="28" type="jump" coverage="100%" />
              </conditions>
            </line>
            <line number="133" hits="28" branch="False" />
            <line number="134" hits="28" branch="False" />
            <line number="135" hits="28" branch="False" />
            <line number="136" hits="28" branch="False" />
            <line number="138" hits="309" branch="False" />
            <line number="139" hits="309" branch="False" />
            <line number="12" hits="83" branch="False" />
            <line number="17" hits="83" branch="False" />
            <line number="18" hits="83" branch="False" />
            <line number="23" hits="83" branch="False" />
            <line number="24" hits="83" branch="False" />
            <line number="25" hits="83" branch="False" />
            <line number="26" hits="83" branch="False" />
            <line number="27" hits="83" branch="False" />
            <line number="28" hits="83" branch="False" />
            <line number="29" hits="83" branch="False" />
            <line number="30" hits="83" branch="False" />
            <line number="31" hits="83" branch="False" />
          </lines>
        </class>
        <class name="TarjetaSube.MedioBoleto" filename="Tarjeta.cs" line-rate="0.8214" branch-rate="0.6923" complexity="28">
          <methods>
            <method name="Descontar" signature="(System.Int32)" line-rate="1" branch-rate="0.5" complexity="2">
              <lines>
                <line number="151" hits="14" branch="False" />
                <line number="152" hits="14" branch="True" condition-coverage="50% (1/2)">
                  <conditions>
                    <condition number="18" type="jump" coverage="50%" />
                  </conditions>
                </line>
                <line number="153" hits="14" branch="False" />
                <line number="154" hits="14" branch="False" />
                <line number="155" hits="14" branch="False" />
                <line number="156" hits="14" branch="False" />
              </lines>
            </method>
            <method name="EstaEnHorarioFranquicia" signature="(TarjetaSube.Tiempo)" line-rate="0.7777" branch-rate="0.5" complexity="8">
              <lines>
                <line number="159" hits="16" branch="False" />
                <line number="160" hits="16" branch="False" />
                <line number="161" hits="16" branch="True" condition-coverage="50% (2/4)">
                  <conditions>
                    <condition number="16" type="jump" coverage="50%" />
                    <condition number="33" type="jump" coverage="50%" />
                  </conditions>
                </line>
                <line number="162" hits="0" branch="False" />
                <line number="163" hits="16" branch="False" />
                <line number="164" hits="16" branch="True" condition-coverage="50% (2/4)">
                  <conditions>
                    <condition number="67" type="jump" coverage="50%" />
                    <condition number="96" type="jump" coverage="50%" />
                  </conditions>
                </line>
                <line number="165" hits="0" branch="False" />
                <line number="166" hits="16" branch="False" />
                <line number="167" hits="16" branch="False" />
              </lines>
            </method>
            <method name="PuedeViajar" signature="(TarjetaSube.Tiempo)" line-rate="0.9444" branch-rate="0.9" complexity="10">
              <lines>
                <line number="170" hits="16" branch="False" />
                <line number="171" hits="16" branch="True" condition-coverage="50% (1/2)">
                  <conditions>
                    <condition number="13" type="jump" coverage="50%" />
                  </conditions>
                </line>
                <line number="172" hits="0" branch="False" />
                <line number="174" hits="16" branch="False" />
                <line number="176" hits="16" branch="True" condition-coverage="100% (2/2)">
                  <conditions>
                    <condition number="42" type="jump" coverage="100%" />
                  </conditions>
                </line>
                <line number="177" hits="8" branch="False" />
                <line number="178" hits="8" branch="False" />
                <line number="179" hits="8" branch="True" condition-coverage="100% (2/2)">
                  <conditions>
                    <condition number="86" type="jump" coverage="100%" />
                  </conditions>
                </line>
                <line number="180" hits="2" branch="False" />
                <line number="181" hits="2" branch="False" />
                <line number="183" hits="6" branch="False" />
                <line number="185" hits="14" branch="True" condition-coverage="100% (4/4)">
                  <conditions>
                    <condition number="105" type="jump" coverage="100%" />
                    <condition number="146" type="jump" coverage="100%" />
                  </conditions>
                </line>
                <line number="186" hits="9" branch="False" />
                <line number="187" hits="9" branch="False" />
                <line number="188" hits="9" branch="False" />
                <line number="189" hits="9" branch="False" />
                <line number="191" hits="14" branch="False" />
                <line number="192" hits="16" branch="False" />
              </lines>
            </method>
            <method name="RegistrarViaje" signature="(TarjetaSube.Tiempo)" line-rate="0.6" branch-rate="0.5" complexity="4">
              <lines>
                <line number="195" hits="14" branch="False" />
                <line number="196" hits="14" branch="False" />
                <line number="197" hits="14" branch="False" />
                <line number="199" hits="14" branch="True" condition-coverage="50% (2/4)">
                  <conditions>
                    <condition number="31" type="jump" coverage="50%" />
                    <condition number="69" type="jump" coverage="50%" />
                  </conditions>
                </line>
                <line number="200" hits="0" branch="False" />
                <line number="201" hits="0" branch="False" />
                <line number="202" hits="0" branch="False" />
                <line number="203" hits="0" branch="False" />
                <line number="205" hits="14" branch="False" />
                <line number="206" hits="14" branch="False" />
              </lines>
            </method>
            <method name="ObtenerTarifaActual" signature="(System.Int32)" line-rate="1" branch-rate="1" complexity="2">
              <lines>
                <line number="209" hits="28" branch="False" />
                <line number="210" hits="28" branch="True" condition-coverage="100% (2/2)">
                  <conditions>
                    <condition number="15" type="jump" coverage="100%" />
                  </conditions>
                </line>
                <line number="211" hits="4" branch="False" />
                <line number="212" hits="4" branch="False" />
                <line number="214" hits="24" branch="False" />
                <line number="215" hits="28" branch="False" />
              </lines>
            </method>
            <method name="DescontarSegunViajes" signature="(System.Int32)" line-rate="1" branch-rate="1" complexity="1">
              <lines>
                <line number="218" hits="14" branch="False" />
                <line number="219" hits="14" branch="False" />
                <line number="220" hits="14" branch="False" />
                <line number="221" hits="14" branch="False" />
              </lines>
            </method>
            <method name="CalcularTarifaConDescuento" signature="(System.Int32,TarjetaSube.Tiempo)" line-rate="0" branch-rate="1" complexity="1">
              <lines>
                <line number="224" hits="0" branch="False" />
                <line number="225" hits="0" branch="False" />
                <line number="226" hits="0" branch="False" />
              </lines>
            </method>
          </methods>
          <lines>
            <line number="151" hits="14" branch="False" />
            <line number="152" hits="14" branch="True" condition-coverage="50% (1/2)">
              <conditions>
                <condition number="18" type="jump" coverage="50%" />
              </conditions>
            </line>
            <line number="153" hits="14" branch="False" />
            <line number="154" hits="14" branch="False" />
            <line number="155" hits="14" branch="False" />
            <line number="156" hits="14" branch="False" />
            <line number="159" hits="16" branch="False" />
            <line number="160" hits="16" branch="False" />
            <line number="161" hits="16" branch="True" condition-coverage="50% (2/4)">
              <conditions>
                <condition number="16" type="jump" coverage="50%" />
                <condition number="33" type="jump" coverage="50%" />
              </conditions>
            </line>
            <line number="162" hits="0" branch="False" />
            <line number="163" hits="16" branch="False" />
            <line number="164" hits="16" branch="True" condition-coverage="50% (2/4)">
              <conditions>
                <condition number="67" type="jump" coverage="50%" />
                <condition number="96" type="jump" coverage="50%" />
              </conditions>
            </line>
            <line number="165" hits="0" branch="False" />
            <line number="166" hits="16" branch="False" />
            <line number="167" hits="16" branch="False" />
            <line number="170" hits="16" branch="False" />
            <line number="171" hits="16" branch="True" condition-coverage="50% (1/2)">
              <conditions>
                <condition number="13" type="jump" coverage="50%" />
              </conditions>
            </line>
            <line number="172" hits="0" branch="False" />
            <line number="174" hits="16" branch="False" />
            <line number="176" hits="16" branch="True" condition-coverage="100% (2/2)">
              <conditions>
                <condition number="42" type="jump" coverage="100%" />
              </conditions>
            </line>
            <line number="177" hits="8" branch="False" />
            <line number="178" hits="8" branch="False" />
            <line number="179" hits="8" branch="True" condition-coverage="100% (2/2)">
              <conditions>
                <condition number="86" type="jump" coverage="100%" />
              </conditions>
            </line>
            <line number="180" hits="2" branch="False" />
            <line number="181" hits="2" branch="False" />
            <line number="183" hits="6" branch="False" />
            <line number="185" hits="14" branch="True" condition-coverage="100% (4/4)">
              <conditions>
                <condition number="105" type="jump" coverage="100%" />
                <condition number="146" type="jump" coverage="100%" />
              </conditions>
            </line>
            <line number="186" hits="9" branch="False" />
            <line number="187" hits="9" branch="False" />
            <line number="188" hits="9" branch="False" />
            <line number="189" hits="9" branch="False" />
            <line number="191" hits="14" branch="False" />
            <line number="192" hits="16" branch="False" />
            <line number="195" hits="14" branch="False" />
            <line number="196" hits="14" branch="False" />
            <line number="197" hits="14" branch="False" />
            <line number="199" hits="14" branch="True" condition-coverage="50% (2/4)">
              <conditions>
                <condition number="31" type="jump" coverage="50%" />
                <condition number="69" type="jump" coverage="50%" />
              </conditions>
            </line>
            <line number="200" hits="0" branch="False" />
            <line number="201" hits="0" branch="False" />
            <line number="202" hits="0" branch="False" />
            <line number="203" hits="0" branch="False" />
            <line number="205" hits="14" branch="False" />
            <line number="206" hits="14" branch="False" />
            <line number="209" hits="28" branch="False" />
            <line number="210" hits="28" branch="True" condition-coverage="100% (2/2)">
              <conditions>
                <condition number="15" type="jump" coverage="100%" />
              </conditions>
            </line>
            <line number="211" hits="4" branch="False" />
            <line number="212" hits="4" branch="False" />
            <line number="214" hits="24" branch="False" />
            <line number="215" hits="28" branch="False" />
            <line number="218" hits="14" branch="False" />
            <line number="219" hits="14" branch="False" />
            <line number="220" hits="14" branch="False" />
            <line number="221" hits="14" branch="False" />
            <line number="224" hits="0" branch="False" />
            <line number="225" hits="0" branch="False" />
            <line number="226" hits="0" branch="False" />
          </lines>
        </class>
        <class name="TarjetaSube.BoletoGratuito" filename="Tarjeta.cs" line-rate="0.7916" branch-rate="0.7272" complexity="26">
          <methods>
            <method name="Descontar" signature="(System.Int32)" line-rate="0" branch-rate="1" complexity="1">
              <lines>
                <line number="235" hits="0" branch="False" />
              </lines>
            </method>
            <method name="RegistrarViaje" signature="(TarjetaSube.Tiempo)" line-rate="0.6" branch-rate="0.5" complexity="4">
              <lines>
                <line number="238" hits="21" branch="False" />
                <line number="239" hits="21" branch="False" />
                <line number="241" hits="21" branch="True" condition-coverage="50% (2/4)">
                  <conditions>
                    <condition number="19" type="jump" coverage="50%" />
                    <condition number="57" type="jump" coverage="50%" />
                  </conditions>
                </line>
                <line number="242" hits="0" branch="False" />
                <line number="243" hits="0" branch="False" />
                <line number="244" hits="0" branch="False" />
                <line number="245" hits="0" branch="False" />
                <line number="247" hits="21" branch="False" />
                <line number="248" hits="21" branch="False" />
                <line number="249" hits="21" branch="False" />
              </lines>
            </method>
            <method name="EstaEnHorarioFranquicia" signature="(TarjetaSube.Tiempo)" line-rate="0.7777" branch-rate="0.5" complexity="8">
              <lines>
                <line number="252" hits="20" branch="False" />
                <line number="253" hits="20" branch="False" />
                <line number="254" hits="20" branch="True" condition-coverage="50% (2/4)">
                  <conditions>
                    <condition number="16" type="jump" coverage="50%" />
                    <condition number="33" type="jump" coverage="50%" />
                  </conditions>
                </line>
                <line number="255" hits="0" branch="False" />
                <line number="256" hits="20" branch="False" />
                <line number="257" hits="20" branch="True" condition-coverage="50% (2/4)">
                  <conditions>
                    <condition number="67" type="jump" coverage="50%" />
                    <condition number="96" type="jump" coverage="50%" />
                  </conditions>
                </line>
                <line number="258" hits="0" branch="False" />
                <line number="259" hits="20" branch="False" />
                <line number="260" hits="20" branch="False" />
              </lines>
            </method>
            <method name="PuedeViajar" signature="(TarjetaSube.Tiempo)" line-rate="1" branch-rate="1" complexity="1">
              <lines>
                <line number="263" hits="20" branch="False" />
                <line number="264" hits="20" branch="False" />
                <line number="265" hits="20" branch="False" />
              </lines>
            </method>
            <method name="ObtenerTarifaActual" signature="(System.Int32)" line-rate="1" branch-rate="1" complexity="2">
              <lines>
                <line number="268" hits="44" branch="False" />
                <line number="269" hits="44" branch="True" condition-coverage="100% (2/2)">
                  <conditions>
                    <condition number="8" type="jump" coverage="100%" />
                  </conditions>
                </line>
                <line number="270" hits="44" branch="False" />
              </lines>
            </method>
            <method name="DescontarSegunViajes" signature="(System.Int32,TarjetaSube.Tiempo)" line-rate="1" branch-rate="1" complexity="8">
              <lines>
                <line number="273" hits="24" branch="False" />
                <line number="274" hits="24" branch="False" />
                <line number="276" hits="24" branch="True" condition-coverage="100% (4/4)">
                  <conditions>
                    <condition number="19" type="jump" coverage="100%" />
                    <condition number="57" type="jump" coverage="100%" />
                  </conditions>
                </line>
                <line number="277" hits="11" branch="False" />
                <line number="278" hits="11" branch="False" />
                <line number="279" hits="11" branch="False" />
                <line number="280" hits="11" branch="False" />
                <line number="282" hits="24" branch="False" />
                <line number="284" hits="24" branch="True" condition-coverage="100% (2/2)">
                  <conditions>
                    <condition number="96" type="jump" coverage="100%" />
                  </conditions>
                </line>
                <line number="285" hits="17" branch="False" />
                <line number="287" hits="7" branch="True" condition-coverage="100% (2/2)">
                  <conditions>
                    <condition number="122" type="jump" coverage="100%" />
                  </conditions>
                </line>
                <line number="288" hits="1" branch="False" />
                <line number="290" hits="6" branch="False" />
                <line number="291" hits="6" branch="False" />
                <line number="292" hits="6" branch="False" />
                <line number="293" hits="24" branch="False" />
              </lines>
            </method>
            <method name="DescontarSegunViajes" signature="(TarjetaSube.Tiempo)" line-rate="1" branch-rate="1" complexity="1">
              <lines>
                <line number="296" hits="4" branch="False" />
                <line number="297" hits="4" branch="False" />
                <line number="298" hits="4" branch="False" />
              </lines>
            </method>
            <method name="CalcularTarifaConDescuento" signature="(System.Int32,TarjetaSube.Tiempo)" line-rate="0" branch-rate="1" complexity="1">
              <lines>
                <line number="301" hits="0" branch="False" />
                <line number="302" hits="0" branch="False" />
                <line number="303" hits="0" branch="False" />
              </lines>
            </method>
          </methods>
          <lines>
            <line number="235" hits="0" branch="False" />
            <line number="238" hits="21" branch="False" />
            <line number="239" hits="21" branch="False" />
            <line number="241" hits="21" branch="True" condition-coverage="50% (2/4)">
              <conditions>
                <condition number="19" type="jump" coverage="50%" />
                <condition number="57" type="jump" coverage="50%" />
              </conditions>
            </line>
            <line number="242" hits="0" branch="False" />
            <line number="243" hits="0" branch="False" />
            <line number="244" hits="0" branch="False" />
            <line number="245" hits="0" branch="False" />
            <line number="247" hits="21" branch="False" />
            <line number="248" hits="21" branch="False" />
            <line number="249" hits="21" branch="False" />
            <line number="252" hits="20" branch="False" />
            <line number="253" hits="20" branch="False" />
            <line number="254" hits="20" branch="True" condition-coverage="50% (2/4)">
              <conditions>
                <condition number="16" type="jump" coverage="50%" />
                <condition number="33" type="jump" coverage="50%" />
              </conditions>
            </line>
            <line number="255" hits="0" branch="False" />
            <line number="256" hits="20" branch="False" />
            <line number="257" hits="20" branch="True" condition-coverage="50% (2/4)">
              <conditions>
                <condition number="67" type="jump" coverage="50%" />
                <condition number="96" type="jump" coverage="50%" />
              </conditions>
            </line>
            <line number="258" hits="0" branch="False" />
            <line number="259" hits="20" branch="False" />
            <line number="260" hits="20" branch="False" />
            <line number="263" hits="20" branch="False" />
            <line number="264" hits="20" branch="False" />
            <line number="265" hits="20" branch="False" />
            <line number="268" hits="44" branch="False" />
            <line number="269" hits="44" branch="True" condition-coverage="100% (2/2)">
              <conditions>
                <condition number="8" type="jump" coverage="100%" />
              </conditions>
            </line>
            <line number="270" hits="44" branch="False" />
            <line number="273" hits="24" branch="False" />
            <line number="274" hits="24" branch="False" />
            <line number="276" hits="24" branch="True" condition-coverage="100% (4/4)">
              <conditions>
                <condition number="19" type="jump" coverage="100%" />
                <condition number="57" type="jump" coverage="100%" />
              </conditions>
            </line>
            <line number="277" hits="11" branch="False" />
            <line number="278" hits="11" branch="False" />
            <line number="279" hits="11" branch="False" />
            <line number="280" hits="11" branch="False" />
            <line number="282" hits="24" branch="False" />
            <line number="284" hits="24" branch="True" condition-coverage="100% (2/2)">
              <conditions>
                <condition number="96" type="jump" coverage="100%" />
              </conditions>
            </line>
            <line number="285" hits="17" branch="False" />
            <line number="287" hits="7" branch="True" condition-coverage="100% (2/2)">
              <conditions>
                <condition number="122" type="jump" coverage="100%" />
              </conditions>
            </line>
            <line number="288" hits="1" branch="False" />
            <line number="290" hits="6" branch="False" />
            <line number="291" hits="6" branch="False" />
            <line number="292" hits="6" branch="False" />
            <line number="293" hits="24" branch="False" />
            <line number="296" hits="4" branch="False" />
            <line number="297" hits="4" branch="False" />
            <line number="298" hits="4" branch="False" />
            <line number="301" hits="0" branch="False" />
            <line number="302" hits="0" branch="False" />
            <line number="303" hits="0" branch="False" />
          </lines>
        </class>
        <class name="TarjetaSube.FranquiciaCompleta" filename="Tarjeta.cs" line-rate="0.8" branch-rate="0.8181" complexity="25">
          <methods>
            <method name="Descontar" signature="(System.Int32)" line-rate="0" branch-rate="1" complexity="1">
              <lines>
                <line number="312" hits="0" branch="False" />
              </lines>
            </method>
            <method name="RegistrarViaje" signature="(TarjetaSube.Tiempo)" line-rate="0.6" branch-rate="0.5" complexity="4">
              <lines>
                <line number="315" hits="33" branch="False" />
                <line number="316" hits="33" branch="False" />
                <line number="318" hits="33" branch="True" condition-coverage="50% (2/4)">
                  <conditions>
                    <condition number="19" type="jump" coverage="50%" />
                    <condition number="57" type="jump" coverage="50%" />
                  </conditions>
                </line>
                <line number="319" hits="0" branch="False" />
                <line number="320" hits="0" branch="False" />
                <line number="321" hits="0" branch="False" />
                <line number="322" hits="0" branch="False" />
                <line number="324" hits="33" branch="False" />
                <line number="325" hits="33" branch="False" />
                <line number="326" hits="33" branch="False" />
              </lines>
            </method>
            <method name="EstaEnHorarioFranquicia" signature="(TarjetaSube.Tiempo)" line-rate="0.8887999999999999" branch-rate="0.75" complexity="8">
              <lines>
                <line number="329" hits="35" branch="False" />
                <line number="330" hits="35" branch="False" />
                <line number="331" hits="35" branch="True" condition-coverage="100% (4/4)">
                  <conditions>
                    <condition number="16" type="jump" coverage="100%" />
                    <condition number="33" type="jump" coverage="100%" />
                  </conditions>
                </line>
                <line number="332" hits="1" branch="False" />
                <line number="333" hits="34" branch="False" />
                <line number="334" hits="34" branch="True" condition-coverage="50% (2/4)">
                  <conditions>
                    <condition number="67" type="jump" coverage="50%" />
                    <condition number="96" type="jump" coverage="50%" />
                  </conditions>
                </line>
                <line number="335" hits="0" branch="False" />
                <line number="336" hits="34" branch="False" />
                <line number="337" hits="35" branch="False" />
              </lines>
            </method>
            <method name="PuedeViajar" signature="(TarjetaSube.Tiempo)" line-rate="1" branch-rate="1" complexity="1">
              <lines>
                <line number="340" hits="35" branch="False" />
                <line number="341" hits="35" branch="False" />
                <line number="342" hits="35" branch="False" />
              </lines>
            </method>
            <method name="ObtenerTarifaActual" signature="(System.Int32)" line-rate="1" branch-rate="1" complexity="2">
              <lines>
                <line number="345" hits="68" branch="False" />
                <line number="346" hits="68" branch="True" condition-coverage="100% (2/2)">
                  <conditions>
                    <condition number="8" type="jump" coverage="100%" />
                  </conditions>
                </line>
                <line number="347" hits="68" branch="False" />
              </lines>
            </method>
            <method name="DescontarSegunViajes" signature="(System.Int32,TarjetaSube.Tiempo)" line-rate="1" branch-rate="1" complexity="8">
              <lines>
                <line number="349" hits="34" branch="False" />
                <line number="350" hits="34" branch="False" />
                <line number="352" hits="34" branch="True" condition-coverage="100% (4/4)">
                  <conditions>
                    <condition number="19" type="jump" coverage="100%" />
                    <condition number="57" type="jump" coverage="100%" />
                  </conditions>
                </line>
                <line number="353" hits="15" branch="False" />
                <line number="354" hits="15" branch="False" />
                <line number="355" hits="15" branch="False" />
                <line number="356" hits="15" branch="False" />
                <line number="358" hits="34" branch="False" />
                <line number="360" hits="34" branch="True" condition-coverage="100% (2/2)">
                  <conditions>
                    <condition number="96" type="jump" coverage="100%" />
                  </conditions>
                </line>
                <line number="361" hits="24" branch="False" />
                <line number="363" hits="10" branch="True" condition-coverage="100% (2/2)">
                  <conditions>
                    <condition number="122" type="jump" coverage="100%" />
                  </conditions>
                </line>
                <line number="364" hits="1" branch="False" />
                <line number="366" hits="9" branch="False" />
                <line number="367" hits="9" branch="False" />
                <line number="368" hits="9" branch="False" />
                <line number="369" hits="34" branch="False" />
              </lines>
            </method>
            <method name="CalcularTarifaConDescuento" signature="(System.Int32,TarjetaSube.Tiempo)" line-rate="0" branch-rate="1" complexity="1">
              <lines>
                <line number="372" hits="0" branch="False" />
                <line number="373" hits="0" branch="False" />
                <line number="374" hits="0" branch="False" />
              </lines>
            </method>
          </methods>
          <lines>
            <line number="312" hits="0" branch="False" />
            <line number="315" hits="33" branch="False" />
            <line number="316" hits="33" branch="False" />
            <line number="318" hits="33" branch="True" condition-coverage="50% (2/4)">
              <conditions>
                <condition number="19" type="jump" coverage="50%" />
                <condition number="57" type="jump" coverage="50%" />
              </conditions>
            </line>
            <line number="319" hits="0" branch="False" />
            <line number="320" hits="0" branch="False" />
            <line number="321" hits="0" branch="False" />
            <line number="322" hits="0" branch="False" />
            <line number="324" hits="33" branch="False" />
            <line number="325" hits="33" branch="False" />
            <line number="326" hits="33" branch="False" />
            <line number="329" hits="35" branch="False" />
            <line number="330" hits="35" branch="False" />
            <line number="331" hits="35" branch="True" condition-coverage="100% (4/4)">
              <conditions>
                <condition number="16" type="jump" coverage="100%" />
                <condition number="33" type="jump" coverage="100%" />
              </conditions>
            </line>
            <line number="332" hits="1" branch="False" />
            <line number="333" hits="34" branch="False" />
            <line number="334" hits="34" branch="True" condition-coverage="50% (2/4)">
              <conditions>
                <condition number="67" type="jump" coverage="50%" />
                <condition number="96" type="jump" coverage="50%" />
              </conditions>
            </line>
            <line number="335" hits="0" branch="False" />
            <line number="336" hits="34" branch="False" />
            <line number="337" hits="35" branch="False" />
            <line number="340" hits="35" branch="False" />
            <line number="341" hits="35" branch="False" />
            <line number="342" hits="35" branch="False" />
            <line number="345" hits="68" branch="False" />
            <line number="346" hits="68" branch="True" condition-coverage="100% (2/2)">
              <conditions>
                <condition number="8" type="jump" coverage="100%" />
              </conditions>
            </line>
            <line number="347" hits="68" branch="False" />
            <line number="349" hits="34" branch="False" />
            <line number="350" hits="34" branch="False" />
            <line number="352" hits="34" branch="True" condition-coverage="100% (4/4)">
              <conditions>
                <condition number="19" type="jump" coverage="100%" />
                <condition number="57" type="jump" coverage="100%" />
              </conditions>
            </line>
            <line number="353" hits="15" branch="False" />
            <line number="354" hits="15" branch="False" />
            <line number="355" hits="15" branch="False" />
            <line number="356" hits="15" branch="False" />
            <line number="358" hits="34" branch="False" />
            <line number="360" hits="34" branch="True" condition-coverage="100% (2/2)">
              <conditions>
                <condition number="96" type="jump" coverage="100%" />
              </conditions>
            </line>
            <line number="361" hits="24" branch="False" />
            <line number="363" hits="10" branch="True" condition-coverage="100% (2/2)">
              <conditions>
                <condition number="122" type="jump" coverage="100%" />
              </conditions>
            </line>
            <line number="364" hits="1" branch="False" />
            <line number="366" hits="9" branch="False" />
            <line number="367" hits="9" branch="False" />
            <line number="368" hits="9" branch="False" />
            <line number="369" hits="34" branch="False" />
            <line number="372" hits="0" branch="False" />
            <line number="373" hits="0" branch="False" />
            <line number="374" hits="0" branch="False" />
          </lines>
        </class>
        <class name="TarjetaSube.Tiempo" filename="Tiempo.cs" line-rate="1" branch-rate="1" complexity="2">
          <methods>
            <method name="Now" signature="()" line-rate="1" branch-rate="1" complexity="1">
              <lines>
                <line number="12" hits="44" branch="False" />
                <line number="13" hits="44" branch="False" />
                <line number="14" hits="44" branch="False" />
              </lines>
            </method>
            <method name=".ctor" signature="()" line-rate="1" branch-rate="1" complexity="1">
              <lines>
                <line number="7" hits="58" branch="False" />
                <line number="8" hits="58" branch="False" />
                <line number="9" hits="58" branch="False" />
              </lines>
            </method>
          </methods>
          <lines>
            <line number="12" hits="44" branch="False" />
            <line number="13" hits="44" branch="False" />
            <line number="14" hits="44" branch="False" />
            <line number="7" hits="58" branch="False" />
            <line number="8" hits="58" branch="False" />
            <line number="9" hits="58" branch="False" />
          </lines>
        </class>
        <class name="TarjetaSube.TiempoFalso" filename="TiempoFalso.cs" line-rate="1" branch-rate="1" complexity="4">
          <methods>
            <method name="Now" signature="()" line-rate="1" branch-rate="1" complexity="1">
              <lines>
                <line number="15" hits="583" branch="False" />
                <line number="16" hits="583" branch="False" />
                <line number="17" hits="583" branch="False" />
              </lines>
            </method>
            <method name="AgregarDias" signature="(System.Int32)" line-rate="1" branch-rate="1" complexity="1">
              <lines>
                <line number="20" hits="8" branch="False" />
                <line number="21" hits="8" branch="False" />
                <line number="22" hits="8" branch="False" />
              </lines>
            </method>
            <method name="AgregarMinutos" signature="(System.Int32)" line-rate="1" branch-rate="1" complexity="1">
              <lines>
                <line number="25" hits="38" branch="False" />
                <line number="26" hits="38" branch="False" />
                <line number="27" hits="38" branch="False" />
              </lines>
            </method>
            <method name=".ctor" signature="()" line-rate="1" branch-rate="1" complexity="1">
              <lines>
                <line number="9" hits="41" branch="False" />
                <line number="10" hits="41" branch="False" />
                <line number="11" hits="41" branch="False" />
                <line number="12" hits="41" branch="False" />
              </lines>
            </method>
          </methods>
          <lines>
            <line number="15" hits="583" branch="False" />
            <line number="16" hits="583" branch="False" />
            <line number="17" hits="583" branch="False" />
            <line number="20" hits="8" branch="False" />
            <line number="21" hits="8" branch="False" />
            <line number="22" hits="8" branch="False" />
            <line number="25" hits="38" branch="False" />
            <line number="26" hits="38" branch="False" />
            <line number="27" hits="38" branch="False" />
            <line number="9" hits="41" branch="False" />
            <line number="10" hits="41" branch="False" />
            <line number="11" hits="41" branch="False" />
            <line number="12" hits="41" branch="False" />
          </lines>
        </class>
      </classes>
    </package>
  </packages>
</coverage>